<?xml version="1.0" encoding="UTF-8"?>
<coverage generated="1731681212019" clover="3.2.0">
  <project timestamp="1731681212019" name="All files">
    <metrics statements="21" coveredstatements="21" conditionals="9" coveredconditionals="9" methods="9" coveredmethods="9" elements="39" coveredelements="39" complexity="0" loc="21" ncloc="21" packages="1" files="1" classes="1"/>
    <file name="index.js" path="/home/prajwal/Downloads/sdk-template/sdk-template/package/index.js">
      <metrics statements="21" coveredstatements="21" conditionals="9" coveredconditionals="9" methods="9" coveredmethods="9"/>
      <line num="3" count="9" type="stmt"/>
      <line num="6" count="9" type="stmt"/>
      <line num="9" count="9" type="stmt"/>
      <line num="12" count="9" type="cond" truecount="2" falsecount="0"/>
      <line num="13" count="2" type="stmt"/>
      <line num="15" count="7" type="stmt"/>
      <line num="18" count="6" type="cond" truecount="5" falsecount="0"/>
      <line num="20" count="1" type="stmt"/>
      <line num="22" count="1" type="stmt"/>
      <line num="24" count="1" type="stmt"/>
      <line num="26" count="2" type="stmt"/>
      <line num="28" count="1" type="stmt"/>
      <line num="35" count="25" type="stmt"/>
      <line num="38" count="9" type="stmt"/>
      <line num="39" count="9" type="stmt"/>
      <line num="42" count="9" type="stmt"/>
      <line num="43" count="9" type="stmt"/>
      <line num="46" count="7" type="stmt"/>
      <line num="47" count="7" type="cond" truecount="2" falsecount="0"/>
      <line num="48" count="2" type="stmt"/>
      <line num="50" count="5" type="stmt"/>
    </file>
  </project>
</coverage>
