{"/home/prajwal/Downloads/sdk-template/sdk-template/package/index.js": {"path":"/home/prajwal/Downloads/sdk-template/sdk-template/package/index.js","statementMap":{"0":{"start":{"line":3,"column":8},"end":{"line":3,"column":21}},"1":{"start":{"line":6,"column":8},"end":{"line":6,"column":21}},"2":{"start":{"line":9,"column":8},"end":{"line":9,"column":21}},"3":{"start":{"line":12,"column":8},"end":{"line":14,"column":9}},"4":{"start":{"line":13,"column":12},"end":{"line":13,"column":63}},"5":{"start":{"line":15,"column":8},"end":{"line":15,"column":21}},"6":{"start":{"line":18,"column":8},"end":{"line":29,"column":9}},"7":{"start":{"line":20,"column":16},"end":{"line":20,"column":38}},"8":{"start":{"line":22,"column":16},"end":{"line":22,"column":43}},"9":{"start":{"line":24,"column":16},"end":{"line":24,"column":43}},"10":{"start":{"line":26,"column":16},"end":{"line":26,"column":41}},"11":{"start":{"line":28,"column":16},"end":{"line":28,"column":86}},"12":{"start":{"line":35,"column":8},"end":{"line":35,"column":41}},"13":{"start":{"line":38,"column":24},"end":{"line":38,"column":52}},"14":{"start":{"line":39,"column":8},"end":{"line":39,"column":33}},"15":{"start":{"line":42,"column":24},"end":{"line":42,"column":52}},"16":{"start":{"line":43,"column":8},"end":{"line":43,"column":33}},"17":{"start":{"line":46,"column":24},"end":{"line":46,"column":52}},"18":{"start":{"line":47,"column":8},"end":{"line":49,"column":9}},"19":{"start":{"line":48,"column":12},"end":{"line":48,"column":81}},"20":{"start":{"line":50,"column":8},"end":{"line":50,"column":33}}},"fnMap":{"0":{"name":"(anonymous_0)","decl":{"start":{"line":2,"column":4},"end":{"line":2,"column":5}},"loc":{"start":{"line":2,"column":14},"end":{"line":4,"column":5}},"line":2},"1":{"name":"(anonymous_1)","decl":{"start":{"line":5,"column":4},"end":{"line":5,"column":5}},"loc":{"start":{"line":5,"column":19},"end":{"line":7,"column":5}},"line":5},"2":{"name":"(anonymous_2)","decl":{"start":{"line":8,"column":4},"end":{"line":8,"column":5}},"loc":{"start":{"line":8,"column":19},"end":{"line":10,"column":5}},"line":8},"3":{"name":"(anonymous_3)","decl":{"start":{"line":11,"column":4},"end":{"line":11,"column":5}},"loc":{"start":{"line":11,"column":17},"end":{"line":16,"column":5}},"line":11},"4":{"name":"(anonymous_4)","decl":{"start":{"line":17,"column":4},"end":{"line":17,"column":5}},"loc":{"start":{"line":17,"column":30},"end":{"line":30,"column":5}},"line":17},"5":{"name":"(anonymous_5)","decl":{"start":{"line":34,"column":4},"end":{"line":34,"column":5}},"loc":{"start":{"line":34,"column":30},"end":{"line":36,"column":5}},"line":34},"6":{"name":"(anonymous_6)","decl":{"start":{"line":37,"column":4},"end":{"line":37,"column":5}},"loc":{"start":{"line":37,"column":15},"end":{"line":40,"column":5}},"line":37},"7":{"name":"(anonymous_7)","decl":{"start":{"line":41,"column":4},"end":{"line":41,"column":5}},"loc":{"start":{"line":41,"column":15},"end":{"line":44,"column":5}},"line":41},"8":{"name":"(anonymous_8)","decl":{"start":{"line":45,"column":4},"end":{"line":45,"column":5}},"loc":{"start":{"line":45,"column":15},"end":{"line":51,"column":5}},"line":45}},"branchMap":{"0":{"loc":{"start":{"line":12,"column":8},"end":{"line":14,"column":9}},"type":"if","locations":[{"start":{"line":12,"column":8},"end":{"line":14,"column":9}},{"start":{},"end":{}}],"line":12},"1":{"loc":{"start":{"line":18,"column":8},"end":{"line":29,"column":9}},"type":"switch","locations":[{"start":{"line":19,"column":12},"end":{"line":20,"column":38}},{"start":{"line":21,"column":12},"end":{"line":22,"column":43}},{"start":{"line":23,"column":12},"end":{"line":24,"column":43}},{"start":{"line":25,"column":12},"end":{"line":26,"column":41}},{"start":{"line":27,"column":12},"end":{"line":28,"column":86}}],"line":18},"2":{"loc":{"start":{"line":47,"column":8},"end":{"line":49,"column":9}},"type":"if","locations":[{"start":{"line":47,"column":8},"end":{"line":49,"column":9}},{"start":{},"end":{}}],"line":47}},"s":{"0":9,"1":9,"2":9,"3":9,"4":2,"5":7,"6":6,"7":1,"8":1,"9":1,"10":2,"11":1,"12":25,"13":9,"14":9,"15":9,"16":9,"17":7,"18":7,"19":2,"20":5},"f":{"0":9,"1":9,"2":9,"3":9,"4":6,"5":25,"6":9,"7":9,"8":7},"b":{"0":[2,7],"1":[1,1,1,2,1],"2":[2,5]},"inputSourceMap":null,"_coverageSchema":"1a1c01bbd47fc00a2c39e90264f33305004495a9","hash":"33b69597d7f85ebca868c4edc82d3c9a3408cfc4"}
}
