TN:
SF:package/index.js
FN:2,(anonymous_0)
FN:5,(anonymous_1)
FN:8,(anonymous_2)
FN:11,(anonymous_3)
FN:17,(anonymous_4)
FN:34,(anonymous_5)
FN:37,(anonymous_6)
FN:41,(anonymous_7)
FN:45,(anonymous_8)
FNF:9
FNH:9
FNDA:9,(anonymous_0)
FNDA:9,(anonymous_1)
FNDA:9,(anonymous_2)
FNDA:9,(anonymous_3)
FNDA:6,(anonymous_4)
FNDA:25,(anonymous_5)
FNDA:9,(anonymous_6)
FNDA:9,(anonymous_7)
FNDA:7,(anonymous_8)
DA:3,9
DA:6,9
DA:9,9
DA:12,9
DA:13,2
DA:15,7
DA:18,6
DA:20,1
DA:22,1
DA:24,1
DA:26,2
DA:28,1
DA:35,25
DA:38,9
DA:39,9
DA:42,9
DA:43,9
DA:46,7
DA:47,7
DA:48,2
DA:50,5
LF:21
LH:21
BRDA:12,0,0,2
BRDA:12,0,1,7
BRDA:18,1,0,1
BRDA:18,1,1,1
BRDA:18,1,2,1
BRDA:18,1,3,2
BRDA:18,1,4,1
BRDA:47,2,0,2
BRDA:47,2,1,5
BRF:9
BRH:9
end_of_record
